INFO [2022-11-30 14:16:43] $x
INFO [2022-11-30 14:16:43] species_venn
INFO [2022-11-30 14:16:43] 
INFO [2022-11-30 14:16:43] $height
INFO [2022-11-30 14:16:43] [1] 2500
INFO [2022-11-30 14:16:43] 
INFO [2022-11-30 14:16:43] $width
INFO [2022-11-30 14:16:43] [1] 3100
INFO [2022-11-30 14:16:43] 
INFO [2022-11-30 14:16:43] $resolution
INFO [2022-11-30 14:16:43] [1] 300
INFO [2022-11-30 14:16:43] 
INFO [2022-11-30 14:16:43] $imagetype
INFO [2022-11-30 14:16:43] [1] "tiff"
INFO [2022-11-30 14:16:43] 
INFO [2022-11-30 14:16:43] $units
INFO [2022-11-30 14:16:43] [1] "px"
INFO [2022-11-30 14:16:43] 
INFO [2022-11-30 14:16:43] $cat.cex
INFO [2022-11-30 14:16:43] [1] 1.2
INFO [2022-11-30 14:16:43] 
INFO [2022-11-30 14:16:43] $cex
INFO [2022-11-30 14:16:43] [1] 1
INFO [2022-11-30 14:16:43] 
INFO [2022-11-30 14:16:43] $cat.just
INFO [2022-11-30 14:16:43] list(c(0, 2), c(0, -5), c(0, 0), c(0, 0), c(1, -4))
INFO [2022-11-30 14:16:43] 
INFO [2022-11-30 14:16:43] $col
INFO [2022-11-30 14:16:43] viridis(5)
INFO [2022-11-30 14:16:43] 
INFO [2022-11-30 14:16:43] $fill
INFO [2022-11-30 14:16:43] viridis(5)
INFO [2022-11-30 14:16:43] 
INFO [2022-11-30 14:16:43] $cat.col
INFO [2022-11-30 14:16:43] viridis(5)
INFO [2022-11-30 14:16:43] 
INFO [2022-11-30 14:16:43] $alpha
INFO [2022-11-30 14:16:43] [1] 0.2
INFO [2022-11-30 14:16:43] 
INFO [2022-11-30 14:16:43] $filename
INFO [2022-11-30 14:16:43] [1] "01_Analyses_teleo/03_Outputs/Species_Venn_categories.png"
INFO [2022-11-30 14:16:43] 
INFO [2022-11-30 14:16:43] $output
INFO [2022-11-30 14:16:43] F
INFO [2022-11-30 14:16:43] 
