INFO [2022-11-22 16:36:19] $x
INFO [2022-11-22 16:36:19] species_venn
INFO [2022-11-22 16:36:19] 
INFO [2022-11-22 16:36:19] $category.names
INFO [2022-11-22 16:36:19] c("Oct.21", "Jun.22")
INFO [2022-11-22 16:36:19] 
INFO [2022-11-22 16:36:19] $cat.cex
INFO [2022-11-22 16:36:19] [1] 1.5
INFO [2022-11-22 16:36:19] 
INFO [2022-11-22 16:36:19] $cex
INFO [2022-11-22 16:36:19] [1] 1.5
INFO [2022-11-22 16:36:19] 
INFO [2022-11-22 16:36:19] $col
INFO [2022-11-22 16:36:19] c("lightsalmon", "lightblue2")
INFO [2022-11-22 16:36:19] 
INFO [2022-11-22 16:36:19] $fill
INFO [2022-11-22 16:36:19] c("lightsalmon", "lightblue2")
INFO [2022-11-22 16:36:19] 
INFO [2022-11-22 16:36:19] $cat.col
INFO [2022-11-22 16:36:19] c("lightsalmon", "lightblue2")
INFO [2022-11-22 16:36:19] 
INFO [2022-11-22 16:36:19] $alpha
INFO [2022-11-22 16:36:19] [1] 0.2
INFO [2022-11-22 16:36:19] 
INFO [2022-11-22 16:36:19] $filename
INFO [2022-11-22 16:36:19] [1] "01_Analyses_teleo/03_Outputs/Species_Venn_Campaign1.png"
INFO [2022-11-22 16:36:19] 
INFO [2022-11-22 16:36:19] $output
INFO [2022-11-22 16:36:19] F
INFO [2022-11-22 16:36:19] 
